2025-11-09 00:57:34, MOVE, v:1, k:poo@budega, mode:DOWN
2025-11-09 00:57:55, MOVE, v:1, k:poo@budega, mode:PICK
2025-11-09 00:57:57, EXEC, v:1, k:poo@budega, mode:FULL, rate:0, size:0
2025-11-09 00:57:57, EXEC, v:1, k:poo@budega, mode:FULL, rate:0, size:0
2025-11-09 01:18:31, EXEC, v:1, k:poo@budega, mode:FULL, rate:0, size:24
2025-11-09 01:18:32, EXEC, v:1, k:poo@budega, mode:FULL, rate:0
2025-11-09 01:18:36, EXEC, v:1, k:poo@budega, mode:FULL, rate:0
2025-11-09 01:18:37, EXEC, v:1, k:poo@budega, mode:FULL, rate:0
2025-11-09 01:23:25, EXEC, v:1, k:poo@budega, mode:FULL, rate:0, size:34
2025-11-09 01:23:27, EXEC, v:1, k:poo@budega, mode:FULL, rate:0
2025-11-09 01:23:27, EXEC, v:1, k:poo@budega, mode:FULL, rate:0
2025-11-09 01:23:28, EXEC, v:1, k:poo@budega, mode:FULL, rate:0
2025-11-09 01:23:28, EXEC, v:1, k:poo@budega, mode:FULL, rate:0
2025-11-09 01:23:31, MOVE, v:1, k:poo@budega, mode:BACK
2025-11-09 01:27:09, MOVE, v:1, k:poo@budega, mode:PICK
2025-11-09 01:27:09, EXEC, v:1, k:poo@budega, mode:FULL, rate:0, size:35
2025-11-09 01:27:10, EXEC, v:1, k:poo@budega, mode:FULL, rate:0
2025-11-09 01:27:11, EXEC, v:1, k:poo@budega, mode:FULL, rate:0
2025-11-09 01:27:12, MOVE, v:1, k:poo@budega, mode:BACK
2025-11-09 01:38:03, MOVE, v:1, k:poo@budega, mode:PICK
2025-11-09 01:38:04, EXEC, v:1, k:poo@budega, mode:FULL, rate:0
2025-11-09 01:38:04, EXEC, v:1, k:poo@budega, mode:FULL, rate:0
2025-11-09 01:38:05, EXEC, v:1, k:poo@budega, mode:FULL, rate:0
2025-11-09 01:38:06, MOVE, v:1, k:poo@budega, mode:BACK
2025-11-09 01:49:31, MOVE, v:1, k:poo@budega, mode:PICK
2025-11-09 01:49:32, EXEC, v:1, k:poo@budega, mode:FULL, rate:0, size:60
2025-11-09 01:49:33, EXEC, v:1, k:poo@budega, mode:FULL, rate:0
2025-11-09 01:49:33, EXEC, v:1, k:poo@budega, mode:FULL, rate:0
2025-11-09 01:49:33, EXEC, v:1, k:poo@budega, mode:FULL, rate:0
2025-11-09 01:49:36, MOVE, v:1, k:poo@budega, mode:BACK
2025-11-09 01:51:17, MOVE, v:1, k:poo@budega, mode:PICK
2025-11-09 01:51:19, EXEC, v:1, k:poo@budega, mode:FULL, rate:0
2025-11-09 01:51:20, EXEC, v:1, k:poo@budega, mode:FULL, rate:0
2025-11-09 01:51:21, MOVE, v:1, k:poo@budega, mode:BACK
2025-11-09 01:57:09, MOVE, v:1, k:poo@budega, mode:PICK
2025-11-09 01:57:10, EXEC, v:1, k:poo@budega, mode:FULL, rate:0
2025-11-09 01:57:11, EXEC, v:1, k:poo@budega, mode:FULL, rate:0
2025-11-09 01:57:12, MOVE, v:1, k:poo@budega, mode:BACK
2025-11-09 01:57:19, MOVE, v:1, k:poo@budega, mode:PICK
2025-11-09 01:57:20, EXEC, v:1, k:poo@budega, mode:FULL, rate:0
2025-11-09 01:57:21, EXEC, v:1, k:poo@budega, mode:FULL, rate:0
2025-11-09 01:57:22, MOVE, v:1, k:poo@budega, mode:BACK
2025-11-09 01:57:23, MOVE, v:1, k:poo@budega, mode:PICK
2025-11-09 01:57:24, EXEC, v:1, k:poo@budega, mode:FULL, rate:0
2025-11-09 01:57:24, EXEC, v:1, k:poo@budega, mode:FULL, rate:0
2025-11-09 01:57:25, EXEC, v:1, k:poo@budega, mode:FULL, rate:0
2025-11-09 01:57:25, MOVE, v:1, k:poo@budega, mode:BACK
2025-11-09 01:57:26, MOVE, v:1, k:poo@budega, mode:PICK
2025-11-09 01:57:26, EXEC, v:1, k:poo@budega, mode:FULL, rate:0
2025-11-09 01:57:27, EXEC, v:1, k:poo@budega, mode:FULL, rate:0
2025-11-09 01:57:27, EXEC, v:1, k:poo@budega, mode:FULL, rate:0
2025-11-09 01:57:27, MOVE, v:1, k:poo@budega, mode:BACK
2025-11-09 01:57:27, MOVE, v:1, k:poo@budega, mode:PICK
2025-11-09 01:57:28, EXEC, v:1, k:poo@budega, mode:FULL, rate:0
2025-11-09 01:57:28, EXEC, v:1, k:poo@budega, mode:FULL, rate:0
2025-11-09 01:57:28, MOVE, v:1, k:poo@budega, mode:BACK
2025-11-09 01:57:28, MOVE, v:1, k:poo@budega, mode:PICK
2025-11-09 01:57:28, MOVE, v:1, k:poo@budega, mode:BACK
2025-11-09 01:57:29, MOVE, v:1, k:poo@budega, mode:PICK
2025-11-09 01:57:29, EXEC, v:1, k:poo@budega, mode:FULL, rate:0
2025-11-09 01:57:29, EXEC, v:1, k:poo@budega, mode:FULL, rate:0
2025-11-09 01:57:29, MOVE, v:1, k:poo@budega, mode:BACK
2025-11-09 01:57:29, MOVE, v:1, k:poo@budega, mode:PICK
2025-11-09 01:57:30, MOVE, v:1, k:poo@budega, mode:BACK
2025-11-09 01:57:30, MOVE, v:1, k:poo@budega, mode:PICK
2025-11-09 01:57:30, EXEC, v:1, k:poo@budega, mode:FULL, rate:0
2025-11-09 01:57:30, MOVE, v:1, k:poo@budega, mode:BACK
2025-11-09 01:57:30, MOVE, v:1, k:poo@budega, mode:PICK
2025-11-09 01:57:31, MOVE, v:1, k:poo@budega, mode:BACK
2025-11-09 01:57:31, MOVE, v:1, k:poo@budega, mode:PICK
2025-11-09 01:57:31, MOVE, v:1, k:poo@budega, mode:BACK
2025-11-09 01:57:31, MOVE, v:1, k:poo@budega, mode:PICK
2025-11-09 01:57:32, MOVE, v:1, k:poo@budega, mode:BACK
2025-11-09 01:57:32, MOVE, v:1, k:poo@budega, mode:PICK
2025-11-09 01:57:32, MOVE, v:1, k:poo@budega, mode:BACK
2025-11-09 01:57:32, MOVE, v:1, k:poo@budega, mode:PICK
2025-11-09 01:57:32, MOVE, v:1, k:poo@budega, mode:BACK
2025-11-09 01:57:32, MOVE, v:1, k:poo@budega, mode:PICK
2025-11-09 01:57:33, MOVE, v:1, k:poo@budega, mode:BACK
2025-11-09 01:57:33, MOVE, v:1, k:poo@budega, mode:PICK
2025-11-09 01:57:33, MOVE, v:1, k:poo@budega, mode:BACK
2025-11-09 01:57:33, MOVE, v:1, k:poo@budega, mode:PICK
2025-11-09 01:57:33, MOVE, v:1, k:poo@budega, mode:BACK
2025-11-09 01:57:34, MOVE, v:1, k:poo@budega, mode:PICK
2025-11-09 01:57:34, MOVE, v:1, k:poo@budega, mode:BACK
2025-11-09 01:57:34, MOVE, v:1, k:poo@budega, mode:PICK
2025-11-09 01:57:34, EXEC, v:1, k:poo@budega, mode:FULL, rate:0
2025-11-09 01:57:35, EXEC, v:1, k:poo@budega, mode:FULL, rate:0
2025-11-09 01:57:35, EXEC, v:1, k:poo@budega, mode:FULL, rate:0
2025-11-09 01:57:35, EXEC, v:1, k:poo@budega, mode:FULL, rate:0
2025-11-09 01:57:35, MOVE, v:1, k:poo@budega, mode:BACK
2025-11-09 01:57:36, MOVE, v:1, k:poo@budega, mode:PICK
2025-11-09 01:57:36, EXEC, v:1, k:poo@budega, mode:FULL, rate:0
2025-11-09 01:57:36, EXEC, v:1, k:poo@budega, mode:FULL, rate:0
2025-11-09 01:57:36, MOVE, v:1, k:poo@budega, mode:BACK
2025-11-09 01:57:36, MOVE, v:1, k:poo@budega, mode:PICK
2025-11-09 01:57:37, EXEC, v:1, k:poo@budega, mode:FULL, rate:0
2025-11-09 01:57:37, EXEC, v:1, k:poo@budega, mode:FULL, rate:0
2025-11-09 01:57:37, MOVE, v:1, k:poo@budega, mode:BACK
2025-11-09 01:57:38, MOVE, v:1, k:poo@budega, mode:PICK
2025-11-09 01:57:38, EXEC, v:1, k:poo@budega, mode:FULL, rate:0
2025-11-09 01:57:38, EXEC, v:1, k:poo@budega, mode:FULL, rate:0
2025-11-09 01:57:38, MOVE, v:1, k:poo@budega, mode:BACK
2025-11-09 01:57:39, MOVE, v:1, k:poo@budega, mode:PICK
2025-11-09 01:57:39, EXEC, v:1, k:poo@budega, mode:FULL, rate:0
2025-11-09 01:57:39, EXEC, v:1, k:poo@budega, mode:FULL, rate:0
2025-11-09 01:57:39, MOVE, v:1, k:poo@budega, mode:BACK
2025-11-09 01:57:40, MOVE, v:1, k:poo@budega, mode:PICK
2025-11-09 01:57:40, EXEC, v:1, k:poo@budega, mode:FULL, rate:0
2025-11-09 01:57:40, EXEC, v:1, k:poo@budega, mode:FULL, rate:0
2025-11-09 01:57:40, MOVE, v:1, k:poo@budega, mode:BACK
2025-11-09 01:57:41, MOVE, v:1, k:poo@budega, mode:PICK
2025-11-09 01:57:41, EXEC, v:1, k:poo@budega, mode:FULL, rate:0
2025-11-09 01:57:41, MOVE, v:1, k:poo@budega, mode:BACK
2025-11-09 01:57:41, MOVE, v:1, k:poo@budega, mode:PICK
2025-11-09 01:57:41, EXEC, v:1, k:poo@budega, mode:FULL, rate:0
2025-11-09 01:57:42, MOVE, v:1, k:poo@budega, mode:BACK
2025-11-09 01:57:42, MOVE, v:1, k:poo@budega, mode:PICK
2025-11-09 01:57:42, EXEC, v:1, k:poo@budega, mode:FULL, rate:0
2025-11-09 01:57:42, MOVE, v:1, k:poo@budega, mode:BACK
2025-11-09 01:57:42, MOVE, v:1, k:poo@budega, mode:PICK
2025-11-09 01:57:43, EXEC, v:1, k:poo@budega, mode:FULL, rate:0
2025-11-09 01:57:43, EXEC, v:1, k:poo@budega, mode:FULL, rate:0
2025-11-09 01:57:43, MOVE, v:1, k:poo@budega, mode:BACK
2025-11-09 01:57:44, MOVE, v:1, k:poo@budega, mode:PICK
2025-11-09 01:57:44, EXEC, v:1, k:poo@budega, mode:FULL, rate:0
2025-11-09 01:57:44, MOVE, v:1, k:poo@budega, mode:BACK
2025-11-09 02:00:36, MOVE, v:1, k:poo@budega, mode:PICK
2025-11-09 02:00:36, EXEC, v:1, k:poo@budega, mode:FULL, rate:0, size:67
2025-11-09 02:00:37, EXEC, v:1, k:poo@budega, mode:FULL, rate:0
2025-11-09 02:00:38, EXEC, v:1, k:poo@budega, mode:FULL, rate:0
2025-11-09 02:00:38, MOVE, v:1, k:poo@budega, mode:BACK
2025-11-09 02:04:15, MOVE, v:1, k:poo@budega, mode:PICK
2025-11-09 02:04:16, EXEC, v:1, k:poo@budega, mode:FULL, rate:0, size:52
2025-11-09 02:04:17, EXEC, v:1, k:poo@budega, mode:FULL, rate:0
2025-11-09 02:04:17, MOVE, v:1, k:poo@budega, mode:BACK
2025-11-09 02:28:56, MOVE, v:1, k:poo@budega, mode:PICK
2025-11-09 02:28:57, EXEC, v:1, k:poo@budega, mode:FULL, rate:0, size:28
2025-11-09 02:28:58, EXEC, v:1, k:poo@budega, mode:FULL, rate:0
2025-11-09 02:28:59, MOVE, v:1, k:poo@budega, mode:BACK
2025-11-09 02:36:05, MOVE, v:1, k:poo@budega, mode:PICK
2025-11-09 02:36:06, EXEC, v:1, k:poo@budega, mode:FULL, rate:0
2025-11-09 02:36:07, MOVE, v:1, k:poo@budega, mode:BACK
2025-11-09 02:36:12, MOVE, v:1, k:poo@budega, mode:PICK
2025-11-09 02:36:12, EXEC, v:1, k:poo@budega, mode:FULL, rate:0
2025-11-09 02:36:13, EXEC, v:1, k:poo@budega, mode:FULL, rate:0
2025-11-09 02:55:50, EXEC, v:1, k:poo@budega, mode:FULL, rate:0
2025-11-09 02:55:52, EXEC, v:1, k:poo@budega, mode:FULL, rate:0
2025-11-09 02:55:53, MOVE, v:1, k:poo@budega, mode:BACK
2025-11-09 02:56:00, MOVE, v:1, k:poo@budega, mode:PICK
2025-11-09 02:57:41, EXEC, v:1, k:poo@budega, mode:FULL, rate:0
2025-11-09 02:57:42, EXEC, v:1, k:poo@budega, mode:FULL, rate:0
2025-11-09 02:59:01, EXEC, v:1, k:poo@budega, mode:FULL, rate:0
2025-11-09 02:59:12, MOVE, v:1, k:poo@budega, mode:BACK
